TN:
SF:C:\Program Files\Git\smu-bootcamp\class-resources\svg-logo-maker\classes\circle.js
FN:4,(anonymous_0)
FN:7,(anonymous_1)
FNF:2
FNH:1
FNDA:3,(anonymous_0)
FNDA:0,(anonymous_1)
DA:1,1
DA:5,3
DA:9,0
DA:20,1
LF:4
LH:3
BRF:0
BRH:0
end_of_record
TN:
SF:C:\Program Files\Git\smu-bootcamp\class-resources\svg-logo-maker\classes\shapes.js
FN:2,(anonymous_0)
FN:13,(anonymous_1)
FNF:2
FNH:1
FNDA:11,(anonymous_0)
FNDA:0,(anonymous_1)
DA:3,11
DA:4,2
DA:6,9
DA:7,9
DA:8,9
DA:11,9
DA:15,0
DA:24,4
LF:8
LH:7
BRDA:3,0,0,2
BRDA:3,0,1,9
BRF:2
BRH:2
end_of_record
TN:
SF:C:\Program Files\Git\smu-bootcamp\class-resources\svg-logo-maker\classes\square.js
FN:4,(anonymous_0)
FN:7,(anonymous_1)
FNF:2
FNH:1
FNDA:3,(anonymous_0)
FNDA:0,(anonymous_1)
DA:1,1
DA:5,3
DA:9,0
DA:20,1
LF:4
LH:3
BRF:0
BRH:0
end_of_record
TN:
SF:C:\Program Files\Git\smu-bootcamp\class-resources\svg-logo-maker\classes\triangle.js
FN:4,(anonymous_0)
FN:9,(anonymous_1)
FNF:2
FNH:1
FNDA:3,(anonymous_0)
FNDA:0,(anonymous_1)
DA:1,1
DA:5,3
DA:11,0
DA:21,1
LF:4
LH:3
BRF:0
BRH:0
end_of_record
